Build started 11/07/2016 15:52:40.
     1>Project "C:\Users\Jon\documents\visual studio 2013\Projects\GreenLeafEngine\GreenLeafEngine\GreenLeafEngine.vcxproj" on node 2 (Build target(s)).
     1>C:\Program Files (x86)\MSBuild\Microsoft.Cpp\v4.0\V120\Microsoft.CppBuild.targets(363,5): warning MSB8004: Intermediate Directory does not end with a trailing slash.  This build instance will add the slash as it is required to allow proper evaluation of the Intermediate Directory.
     1>ClCompile:
         C:\Program Files (x86)\Microsoft Visual Studio 12.0\VC\bin\CL.exe /c /ZI /nologo /W3 /WX- /sdl /Od /Oy- /D _CRT_SECURE_NO_WARNINGS /D _MBCS /Gm /EHsc /RTC1 /MDd /GS /fp:precise /Zc:wchar_t /Zc:forScope /Fo"C:\Users\Jon\documents\visual studio 2013\Projects\GreenLeafEngine\$bin\(Configuration)\intermediates\\" /Fd"C:\Users\Jon\documents\visual studio 2013\Projects\GreenLeafEngine\$bin\(Configuration)\intermediates\vc120.pdb" /Gd /TP /analyze- /errorReport:prompt main.cpp
         main.cpp
       Link:
         C:\Program Files (x86)\Microsoft Visual Studio 12.0\VC\bin\link.exe /ERRORREPORT:PROMPT /OUT:"C:\Users\Jon\documents\visual studio 2013\Projects\GreenLeafEngine\$bin\(Configuration)\GreenLeafEngine.exe" /INCREMENTAL /NOLOGO glfw3.lib opengl32.lib glew32s.lib kernel32.lib user32.lib gdi32.lib winspool.lib comdlg32.lib advapi32.lib shell32.lib ole32.lib oleaut32.lib uuid.lib odbc32.lib odbccp32.lib /MANIFEST /MANIFESTUAC:"level='asInvoker' uiAccess='false'" /manifest:embed /DEBUG /PDB:"C:\Users\Jon\documents\visual studio 2013\Projects\GreenLeafEngine\$bin\(Configuration)\GreenLeafEngine.pdb" /TLBID:1 /DYNAMICBASE /NXCOMPAT /IMPLIB:"C:\Users\Jon\documents\visual studio 2013\Projects\GreenLeafEngine\$bin\(Configuration)\GreenLeafEngine.lib" /MACHINE:X86 "C:\Users\Jon\documents\visual studio 2013\Projects\GreenLeafEngine\$bin\(Configuration)\intermediates\main.obj"
         "C:\Users\Jon\documents\visual studio 2013\Projects\GreenLeafEngine\$bin\(Configuration)\intermediates\shader.obj"
         "C:\Users\Jon\documents\visual studio 2013\Projects\GreenLeafEngine\$bin\(Configuration)\intermediates\window.obj"
         "C:\Users\Jon\documents\visual studio 2013\Projects\GreenLeafEngine\$bin\(Configuration)\intermediates\mat4.obj"
         "C:\Users\Jon\documents\visual studio 2013\Projects\GreenLeafEngine\$bin\(Configuration)\intermediates\vec2.obj"
         "C:\Users\Jon\documents\visual studio 2013\Projects\GreenLeafEngine\$bin\(Configuration)\intermediates\vec3.obj"
         "C:\Users\Jon\documents\visual studio 2013\Projects\GreenLeafEngine\$bin\(Configuration)\intermediates\vec4.obj"
     1>LINK : warning LNK4098: defaultlib 'MSVCRT' conflicts with use of other libs; use /NODEFAULTLIB:library
     1>LINK : warning LNK4098: defaultlib 'LIBCMT' conflicts with use of other libs; use /NODEFAULTLIB:library
     1>shader.obj : warning LNK4049: locally defined symbol ___glewAttachShader imported
     1>shader.obj : warning LNK4049: locally defined symbol ___glewCompileShader imported
     1>shader.obj : warning LNK4049: locally defined symbol ___glewCreateProgram imported
     1>shader.obj : warning LNK4049: locally defined symbol ___glewCreateShader imported
     1>shader.obj : warning LNK4049: locally defined symbol ___glewDeleteProgram imported
     1>shader.obj : warning LNK4049: locally defined symbol ___glewDeleteShader imported
     1>shader.obj : warning LNK4049: locally defined symbol ___glewGetShaderInfoLog imported
     1>shader.obj : warning LNK4049: locally defined symbol ___glewGetShaderiv imported
     1>shader.obj : warning LNK4049: locally defined symbol ___glewLinkProgram imported
     1>shader.obj : warning LNK4049: locally defined symbol ___glewShaderSource imported
     1>shader.obj : warning LNK4049: locally defined symbol ___glewUseProgram imported
     1>shader.obj : warning LNK4049: locally defined symbol ___glewValidateProgram imported
     1>glew32s.lib(glew.obj) : warning LNK4099: PDB 'vc120.pdb' was not found with 'glew32s.lib(glew.obj)' or at 'C:\Users\Jon\documents\visual studio 2013\Projects\GreenLeafEngine\$bin\(Configuration)\vc120.pdb'; linking object as if no debug info
         GreenLeafEngine.vcxproj -> C:\Users\Jon\documents\visual studio 2013\Projects\GreenLeafEngine\$bin\(Configuration)\GreenLeafEngine.exe
     1>Done Building Project "C:\Users\Jon\documents\visual studio 2013\Projects\GreenLeafEngine\GreenLeafEngine\GreenLeafEngine.vcxproj" (Build target(s)).

Build succeeded.

Time Elapsed 00:00:01.69
